Using pre-set license
Built from '2020.2/staging' branch; Version is '2020.2.3f1 (8ff31bc5bf5b) revision 9433883'; Using compiler version '192528614'; Build Type 'Release'
OS: 'Windows 10 Pro; OS build 18363.1316; Version 1909; 64bit' Language: 'en' Physical Memory: 49086 MB
BatchMode: 1, IsHumanControllingUs: 0, StartBugReporterOnCrash: 0, Is64bit: 1, IsPro: 0

 COMMAND LINE ARGUMENTS:
C:\Program Files\Unity\Hub\Editor\2020.2.3f1\Editor\Unity.exe
-adb2
-batchMode
-noUpm
-name
AssetImportWorker0
-projectPath
C:/Users/Dilmer/Code/OpenXRDemos
-logFile
Logs/AssetImportWorker0.log
-srvPort
50020
Successfully changed project path to: C:/Users/Dilmer/Code/OpenXRDemos
C:/Users/Dilmer/Code/OpenXRDemos
Using Asset Import Pipeline V2.
Refreshing native plugins compatible for Editor in 30.47 ms, found 5 plugins.
Preloading 0 native plugins for Editor in 0.00 ms.
Initialize engine version: 2020.2.3f1 (8ff31bc5bf5b)
[Subsystems] Discovering subsystems at path C:/Program Files/Unity/Hub/Editor/2020.2.3f1/Editor/Data/Resources/UnitySubsystems
[Subsystems] Discovering subsystems at path C:/Users/Dilmer/Code/OpenXRDemos/Assets
GfxDevice: creating device client; threaded=0
Direct3D:
    Version:  Direct3D 11.0 [level 11.1]
    Renderer: NVIDIA TITAN RTX (ID=0x1e02)
    Vendor:   
    VRAM:     24276 MB
    Driver:   27.21.14.5671
Initialize mono
Mono path[0] = 'C:/Program Files/Unity/Hub/Editor/2020.2.3f1/Editor/Data/Managed'
Mono path[1] = 'C:/Program Files/Unity/Hub/Editor/2020.2.3f1/Editor/Data/MonoBleedingEdge/lib/mono/unityjit'
Mono config path = 'C:/Program Files/Unity/Hub/Editor/2020.2.3f1/Editor/Data/MonoBleedingEdge/etc'
Using monoOptions --debugger-agent=transport=dt_socket,embedding=1,server=y,suspend=n,address=127.0.0.1:56696
Begin MonoManager ReloadAssembly
Registering precompiled unity dll's ...
Register platform support module: C:/Program Files/Unity/Hub/Editor/2020.2.3f1/Editor/Data/PlaybackEngines/WindowsStandaloneSupport/UnityEditor.WindowsStandalone.Extensions.dll
Registered in 0.002481 seconds.
Native extension for WindowsStandalone target not found
Refreshing native plugins compatible for Editor in 26.85 ms, found 5 plugins.
Preloading 0 native plugins for Editor in 0.00 ms.
Invoked RoslynAnalysisRunner static constructor.
RoslynAnalysisRunner will not be running.
RoslynAnalysisRunner has terminated.
Mono: successfully reloaded assembly
- Completed reload, in  2.874 seconds
Platform modules already initialized, skipping
Registering precompiled user dll's ...
Registered in 0.003310 seconds.
Begin MonoManager ReloadAssembly
Native extension for WindowsStandalone target not found
Refreshing native plugins compatible for Editor in 28.80 ms, found 5 plugins.
Preloading 0 native plugins for Editor in 0.00 ms.
Invoked RoslynAnalysisRunner static constructor.
RoslynAnalysisRunner will not be running.
RoslynAnalysisRunner has terminated.
Mono: successfully reloaded assembly
- Completed reload, in  0.933 seconds
Platform modules already initialized, skipping
========================================================================
Worker process is ready to serve import requests
Launched and connected shader compiler UnityShaderCompiler.exe after 0.03 seconds
Refreshing native plugins compatible for Editor in 0.33 ms, found 5 plugins.
Preloading 0 native plugins for Editor in 0.00 ms.
Unloading 1567 Unused Serialized files (Serialized files now loaded: 0)
System memory in use before: 75.5 MB.
System memory in use after: 75.4 MB.

Unloading 26 unused Assets to reduce memory usage. Loaded Objects now: 2001.
Total: 1.755900 ms (FindLiveObjects: 0.141100 ms CreateObjectMapping: 0.060900 ms MarkObjects: 1.485800 ms  DeleteObjects: 0.067400 ms)

========================================================================
Received Import Request.
  path: Assets/Samples/OpenXR Plugin/1.0.2/Controller
  artifactKey: Guid(cb41ae48408ed9b4084527f4be1a77fe) Importer(815301076,1909f56bfc062723c751e8b465ee728b)
Start importing Assets/Samples/OpenXR Plugin/1.0.2/Controller using Guid(cb41ae48408ed9b4084527f4be1a77fe) Importer(815301076,1909f56bfc062723c751e8b465ee728b)  -> (artifact id: 'aa9e3fd161117f6b92cdd1bf0a401178') in 0.006948 seconds
  Import took 0.009020 seconds .

========================================================================
Received Prepare
Registering precompiled user dll's ...
Registered in 0.002758 seconds.
Begin MonoManager ReloadAssembly
Native extension for WindowsStandalone target not found
Refreshing native plugins compatible for Editor in 0.33 ms, found 5 plugins.
Preloading 0 native plugins for Editor in 0.00 ms.
Invoked RoslynAnalysisRunner static constructor.
RoslynAnalysisRunner will not be running.
RoslynAnalysisRunner has terminated.
Mono: successfully reloaded assembly
- Completed reload, in  0.709 seconds
Platform modules already initialized, skipping
Refreshing native plugins compatible for Editor in 0.51 ms, found 5 plugins.
Preloading 0 native plugins for Editor in 0.00 ms.
Unloading 1557 Unused Serialized files (Serialized files now loaded: 0)
System memory in use before: 75.0 MB.
System memory in use after: 75.1 MB.

Unloading 19 unused Assets to reduce memory usage. Loaded Objects now: 2004.
Total: 1.844500 ms (FindLiveObjects: 0.195500 ms CreateObjectMapping: 0.062800 ms MarkObjects: 1.533200 ms  DeleteObjects: 0.051500 ms)

========================================================================
Received Import Request.
  Time since last request: 3.019864 seconds.
  path: Assets/Samples/OpenXR Plugin/1.0.2/Controller/ControllerSample.unity
  artifactKey: Guid(edb91e86bd8b7dc4ca40ad6c3167de73) Importer(815301076,1909f56bfc062723c751e8b465ee728b)
Start importing Assets/Samples/OpenXR Plugin/1.0.2/Controller/ControllerSample.unity using Guid(edb91e86bd8b7dc4ca40ad6c3167de73) Importer(815301076,1909f56bfc062723c751e8b465ee728b)  -> (artifact id: 'db4358e15ef2ce1159a2255bad8942ce') in 0.012384 seconds
  Import took 0.014569 seconds .

========================================================================
Received Import Request.
  Time since last request: 4.890544 seconds.
  path: Assets/Samples/OpenXR Plugin/1.0.2/Controller/ActionMap
  artifactKey: Guid(1d0c39e584dadb748af03e40363d20a5) Importer(815301076,1909f56bfc062723c751e8b465ee728b)
Start importing Assets/Samples/OpenXR Plugin/1.0.2/Controller/ActionMap using Guid(1d0c39e584dadb748af03e40363d20a5) Importer(815301076,1909f56bfc062723c751e8b465ee728b)  -> (artifact id: '582f49e0102dac8166c5ad213a5e59ea') in 0.007479 seconds
  Import took 0.009851 seconds .

========================================================================
Received Import Request.
  Time since last request: 0.910734 seconds.
  path: Assets/Samples/OpenXR Plugin/1.0.2/Controller/ActionMap/InputActions.inputactions
  artifactKey: Guid(e0ca4504471ca124088e1e2cfe6804ae) Importer(815301076,1909f56bfc062723c751e8b465ee728b)
Start importing Assets/Samples/OpenXR Plugin/1.0.2/Controller/ActionMap/InputActions.inputactions using Guid(e0ca4504471ca124088e1e2cfe6804ae) Importer(815301076,1909f56bfc062723c751e8b465ee728b)  -> (artifact id: '4bcc44d2336dacc495f67418dfd43347') in 0.040480 seconds
  Import took 0.042618 seconds .

========================================================================
Received Prepare
Refreshing native plugins compatible for Editor in 4.27 ms, found 5 plugins.
Preloading 0 native plugins for Editor in 0.00 ms.
Unloading 16 Unused Serialized files (Serialized files now loaded: 0)
System memory in use before: 44.7 MB.
System memory in use after: 44.8 MB.

Unloading 16 unused Assets to reduce memory usage. Loaded Objects now: 2004.
Total: 2.118200 ms (FindLiveObjects: 0.193600 ms CreateObjectMapping: 0.044900 ms MarkObjects: 1.836000 ms  DeleteObjects: 0.043100 ms)

AssetImportParameters requested are different than current active one (requested -> active):
  colorSpace: 1 -> 0
========================================================================
Received Prepare
Refreshing native plugins compatible for Editor in 3.94 ms, found 5 plugins.
Preloading 0 native plugins for Editor in 0.00 ms.
Unloading 16 Unused Serialized files (Serialized files now loaded: 0)
System memory in use before: 44.7 MB.
System memory in use after: 44.8 MB.

Unloading 16 unused Assets to reduce memory usage. Loaded Objects now: 2004.
Total: 1.750600 ms (FindLiveObjects: 0.138200 ms CreateObjectMapping: 0.048400 ms MarkObjects: 1.521100 ms  DeleteObjects: 0.042100 ms)

AssetImportParameters requested are different than current active one (requested -> active):
  colorSpace: 1 -> 0
========================================================================
Received Prepare
Refreshing native plugins compatible for Editor in 4.13 ms, found 5 plugins.
Preloading 0 native plugins for Editor in 0.00 ms.
Unloading 16 Unused Serialized files (Serialized files now loaded: 0)
System memory in use before: 44.7 MB.
System memory in use after: 44.8 MB.

Unloading 16 unused Assets to reduce memory usage. Loaded Objects now: 2004.
Total: 2.018800 ms (FindLiveObjects: 0.234300 ms CreateObjectMapping: 0.050200 ms MarkObjects: 1.690300 ms  DeleteObjects: 0.043100 ms)

AssetImportParameters requested are different than current active one (requested -> active):
  colorSpace: 1 -> 0
========================================================================
Received Prepare
Registering precompiled user dll's ...
Registered in 0.002786 seconds.
Begin MonoManager ReloadAssembly
Native extension for WindowsStandalone target not found
Refreshing native plugins compatible for Editor in 0.35 ms, found 5 plugins.
Preloading 0 native plugins for Editor in 0.00 ms.
Invoked RoslynAnalysisRunner static constructor.
RoslynAnalysisRunner will not be running.
RoslynAnalysisRunner has terminated.
Mono: successfully reloaded assembly
- Completed reload, in  0.710 seconds
Platform modules already initialized, skipping
Refreshing native plugins compatible for Editor in 0.36 ms, found 5 plugins.
Preloading 0 native plugins for Editor in 0.00 ms.
Unloading 1557 Unused Serialized files (Serialized files now loaded: 0)
System memory in use before: 75.0 MB.
System memory in use after: 75.1 MB.

Unloading 19 unused Assets to reduce memory usage. Loaded Objects now: 2007.
Total: 1.654500 ms (FindLiveObjects: 0.118100 ms CreateObjectMapping: 0.038600 ms MarkObjects: 1.458000 ms  DeleteObjects: 0.039300 ms)

AssetImportParameters requested are different than current active one (requested -> active):
  colorSpace: 1 -> 0
========================================================================
Received Prepare
Registering precompiled user dll's ...
Registered in 0.003235 seconds.
Begin MonoManager ReloadAssembly
Native extension for WindowsStandalone target not found
Refreshing native plugins compatible for Editor in 0.35 ms, found 5 plugins.
Preloading 0 native plugins for Editor in 0.00 ms.
Invoked RoslynAnalysisRunner static constructor.
RoslynAnalysisRunner will not be running.
RoslynAnalysisRunner has terminated.
Mono: successfully reloaded assembly
- Completed reload, in  0.706 seconds
Platform modules already initialized, skipping
Refreshing native plugins compatible for Editor in 0.34 ms, found 5 plugins.
Preloading 0 native plugins for Editor in 0.00 ms.
Unloading 1557 Unused Serialized files (Serialized files now loaded: 0)
System memory in use before: 75.0 MB.
System memory in use after: 75.1 MB.

Unloading 19 unused Assets to reduce memory usage. Loaded Objects now: 2010.
Total: 1.712000 ms (FindLiveObjects: 0.168200 ms CreateObjectMapping: 0.054300 ms MarkObjects: 1.443100 ms  DeleteObjects: 0.045700 ms)

========================================================================
Received Import Request.
  Time since last request: 545.879673 seconds.
  path: Assets/Scenes
  artifactKey: Guid(ea202b12c6e849c4bb44edf204ee6fbe) Importer(815301076,1909f56bfc062723c751e8b465ee728b)
Start importing Assets/Scenes using Guid(ea202b12c6e849c4bb44edf204ee6fbe) Importer(815301076,1909f56bfc062723c751e8b465ee728b)  -> (artifact id: '3ab0c777847b4aa14111545062597de7') in 0.008601 seconds
  Import took 0.010941 seconds .

========================================================================
Received Import Request.
  Time since last request: 9.284636 seconds.
  path: Assets/Scenes/OpenXRHelloWorld.unity
  artifactKey: Guid(24255db18de49f8438797e0f6dbce3cd) Importer(815301076,1909f56bfc062723c751e8b465ee728b)
Start importing Assets/Scenes/OpenXRHelloWorld.unity using Guid(24255db18de49f8438797e0f6dbce3cd) Importer(815301076,1909f56bfc062723c751e8b465ee728b)  -> (artifact id: 'c5886aa7349049a80f9d98759e9fff6e') in 0.013394 seconds
  Import took 0.015694 seconds .

========================================================================
Received Import Request.
  Time since last request: 0.000739 seconds.
  path: Assets/Scenes/OpenXRHelloWorld.unity
  artifactKey: Guid(24255db18de49f8438797e0f6dbce3cd) Importer(815301076,1909f56bfc062723c751e8b465ee728b)
Start importing Assets/Scenes/OpenXRHelloWorld.unity using Guid(24255db18de49f8438797e0f6dbce3cd) Importer(815301076,1909f56bfc062723c751e8b465ee728b)  -> (artifact id: 'c5886aa7349049a80f9d98759e9fff6e') in 0.003240 seconds
  Import took 0.005630 seconds .

========================================================================
Received Import Request.
  Time since last request: 400.477346 seconds.
  path: Assets/Thirdparty/Gridbox Prototype Materials
  artifactKey: Guid(ce2c0eb7bc2a8e5478c0a6d4c8cef918) Importer(815301076,1909f56bfc062723c751e8b465ee728b)
Start importing Assets/Thirdparty/Gridbox Prototype Materials using Guid(ce2c0eb7bc2a8e5478c0a6d4c8cef918) Importer(815301076,1909f56bfc062723c751e8b465ee728b)  -> (artifact id: '3f674d799a9f987ef78072ec63ad77e4') in 0.006838 seconds
  Import took 0.009853 seconds .

========================================================================
Received Import Request.
  Time since last request: 0.000303 seconds.
  path: Assets/Thirdparty/Gridbox Prototype Materials
  artifactKey: Guid(ce2c0eb7bc2a8e5478c0a6d4c8cef918) Importer(815301076,1909f56bfc062723c751e8b465ee728b)
Start importing Assets/Thirdparty/Gridbox Prototype Materials using Guid(ce2c0eb7bc2a8e5478c0a6d4c8cef918) Importer(815301076,1909f56bfc062723c751e8b465ee728b)  -> (artifact id: '3f674d799a9f987ef78072ec63ad77e4') in 0.002176 seconds
  Import took 0.004333 seconds .

========================================================================
Received Import Request.
  Time since last request: 0.768350 seconds.
  path: Assets/Thirdparty/Gridbox Prototype Materials/Resources
  artifactKey: Guid(8d1c710911d4cd54c940b4db8ea99a02) Importer(815301076,1909f56bfc062723c751e8b465ee728b)
Start importing Assets/Thirdparty/Gridbox Prototype Materials/Resources using Guid(8d1c710911d4cd54c940b4db8ea99a02) Importer(815301076,1909f56bfc062723c751e8b465ee728b)  -> (artifact id: '3cbb931815b144237e5a973fc3599efe') in 0.005659 seconds
  Import took 0.007817 seconds .

========================================================================
Received Import Request.
  Time since last request: 0.640199 seconds.
  path: Assets/Thirdparty/Gridbox Prototype Materials/Resources/Materials
  artifactKey: Guid(cab0486873751c3439bc88f33c84dea7) Importer(815301076,1909f56bfc062723c751e8b465ee728b)
Start importing Assets/Thirdparty/Gridbox Prototype Materials/Resources/Materials using Guid(cab0486873751c3439bc88f33c84dea7) Importer(815301076,1909f56bfc062723c751e8b465ee728b)  -> (artifact id: '5a47773f74ff3fda0c8e08542df8ee24') in 0.005713 seconds
  Import took 0.007998 seconds .

========================================================================
Received Import Request.
  Time since last request: 0.704396 seconds.
  path: Assets/Thirdparty/Gridbox Prototype Materials/Resources/Materials/Prototype Grid
  artifactKey: Guid(cecfe17a50e489e4f8101820a64e4e59) Importer(815301076,1909f56bfc062723c751e8b465ee728b)
Start importing Assets/Thirdparty/Gridbox Prototype Materials/Resources/Materials/Prototype Grid using Guid(cecfe17a50e489e4f8101820a64e4e59) Importer(815301076,1909f56bfc062723c751e8b465ee728b)  -> (artifact id: '84ecd40b27812db94f3a0e055a8b9097') in 0.005851 seconds
  Import took 0.008103 seconds .

========================================================================
Received Prepare
Registering precompiled user dll's ...
Registered in 0.003012 seconds.
Begin MonoManager ReloadAssembly
Native extension for WindowsStandalone target not found
Refreshing native plugins compatible for Editor in 0.36 ms, found 5 plugins.
Preloading 0 native plugins for Editor in 0.00 ms.
Invoked RoslynAnalysisRunner static constructor.
RoslynAnalysisRunner will not be running.
RoslynAnalysisRunner has terminated.
Mono: successfully reloaded assembly
- Completed reload, in  0.720 seconds
Platform modules already initialized, skipping
Refreshing native plugins compatible for Editor in 0.34 ms, found 5 plugins.
Preloading 0 native plugins for Editor in 0.00 ms.
Unloading 1557 Unused Serialized files (Serialized files now loaded: 0)
System memory in use before: 75.1 MB.
System memory in use after: 75.2 MB.

Unloading 19 unused Assets to reduce memory usage. Loaded Objects now: 2013.
Total: 1.736400 ms (FindLiveObjects: 0.137600 ms CreateObjectMapping: 0.046600 ms MarkObjects: 1.495000 ms  DeleteObjects: 0.056400 ms)

========================================================================
Received Prepare
Registering precompiled user dll's ...
Registered in 0.002948 seconds.
Begin MonoManager ReloadAssembly
Native extension for WindowsStandalone target not found
Refreshing native plugins compatible for Editor in 0.35 ms, found 5 plugins.
Preloading 0 native plugins for Editor in 0.00 ms.
Invoked RoslynAnalysisRunner static constructor.
RoslynAnalysisRunner will not be running.
RoslynAnalysisRunner has terminated.
Mono: successfully reloaded assembly
- Completed reload, in  0.703 seconds
Platform modules already initialized, skipping
Refreshing native plugins compatible for Editor in 0.33 ms, found 5 plugins.
Preloading 0 native plugins for Editor in 0.00 ms.
Unloading 1557 Unused Serialized files (Serialized files now loaded: 0)
System memory in use before: 75.1 MB.
System memory in use after: 75.2 MB.

Unloading 19 unused Assets to reduce memory usage. Loaded Objects now: 2016.
Total: 1.776300 ms (FindLiveObjects: 0.139600 ms CreateObjectMapping: 0.048000 ms MarkObjects: 1.545200 ms  DeleteObjects: 0.042700 ms)

========================================================================
Received Import Request.
  Time since last request: 365.810007 seconds.
  path: Assets/Samples/OpenXR Plugin/1.0.2/Controller/ControllerSample.unity
  artifactKey: Guid(edb91e86bd8b7dc4ca40ad6c3167de73) Importer(815301076,1909f56bfc062723c751e8b465ee728b)
Start importing Assets/Samples/OpenXR Plugin/1.0.2/Controller/ControllerSample.unity using Guid(edb91e86bd8b7dc4ca40ad6c3167de73) Importer(815301076,1909f56bfc062723c751e8b465ee728b)  -> (artifact id: '2a69cd0aecab802dffb897e5940aee22') in 0.012607 seconds
  Import took 0.015055 seconds .

========================================================================
Received Prepare
Registering precompiled user dll's ...
Registered in 0.003277 seconds.
Begin MonoManager ReloadAssembly
Native extension for WindowsStandalone target not found
Refreshing native plugins compatible for Editor in 0.36 ms, found 5 plugins.
Preloading 0 native plugins for Editor in 0.00 ms.
Invoked RoslynAnalysisRunner static constructor.
RoslynAnalysisRunner will not be running.
RoslynAnalysisRunner has terminated.
Mono: successfully reloaded assembly
- Completed reload, in  0.742 seconds
Platform modules already initialized, skipping
Refreshing native plugins compatible for Editor in 0.35 ms, found 5 plugins.
Preloading 0 native plugins for Editor in 0.00 ms.
Unloading 1557 Unused Serialized files (Serialized files now loaded: 0)
System memory in use before: 75.1 MB.
System memory in use after: 75.2 MB.

Unloading 19 unused Assets to reduce memory usage. Loaded Objects now: 2019.
Total: 1.931900 ms (FindLiveObjects: 0.291000 ms CreateObjectMapping: 0.096500 ms MarkObjects: 1.489200 ms  DeleteObjects: 0.054000 ms)

